# JRE version: OpenJDK Runtime Environment (11.0.15) (build 11.0.15+0-b2043.56-9505619)
# Java VM: OpenJDK 64-Bit Server VM (11.0.15+0-b2043.56-9505619, mixed mode, tiered, compressed oops, g1 gc, windows-amd64)
Heap:
 garbage-first heap   total 260096K, used 225591K [0x0000000080000000, 0x0000000100000000)
  region size 1024K, 53 young (54272K), 7 survivors (7168K)
 Metaspace       used 104351K, capacity 107280K, committed 108116K, reserved 1142784K
  class space    used 13324K, capacity 14384K, committed 14720K, reserved 1048576K
GC Heap History (20 events):
Event: 3.506 GC heap before
{Heap before GC invocations=7 (full 0):
 garbage-first heap   total 260096K, used 118609K [0x0000000080000000, 0x0000000100000000)
  region size 1024K, 97 young (99328K), 6 survivors (6144K)
 Metaspace       used 43643K, capacity 44650K, committed 44880K, reserved 1089536K
  class space    used 5524K, capacity 5848K, committed 5888K, reserved 1048576K
}
Event: 3.512 GC heap after
{Heap after GC invocations=8 (full 0):
 garbage-first heap   total 260096K, used 27557K [0x0000000080000000, 0x0000000100000000)
  region size 1024K, 11 young (11264K), 11 survivors (11264K)
 Metaspace       used 43643K, capacity 44650K, committed 44880K, reserved 1089536K
  class space    used 5524K, capacity 5848K, committed 5888K, reserved 1048576K
}
Event: 4.353 GC heap before
{Heap before GC invocations=8 (full 0):
 garbage-first heap   total 260096K, used 137125K [0x0000000080000000, 0x0000000100000000)
  region size 1024K, 116 young (118784K), 11 survivors (11264K)
 Metaspace       used 53043K, capacity 54405K, committed 54736K, reserved 1097728K
  class space    used 6713K, capacity 7191K, committed 7296K, reserved 1048576K
}
Event: 4.361 GC heap after
{Heap after GC invocations=9 (full 0):
 garbage-first heap   total 260096K, used 39186K [0x0000000080000000, 0x0000000100000000)
  region size 1024K, 15 young (15360K), 15 survivors (15360K)
 Metaspace       used 53043K, capacity 54405K, committed 54736K, reserved 1097728K
  class space    used 6713K, capacity 7191K, committed 7296K, reserved 1048576K
}
Event: 4.786 GC heap before
{Heap before GC invocations=9 (full 0):
 garbage-first heap   total 260096K, used 85266K [0x0000000080000000, 0x0000000100000000)
  region size 1024K, 60 young (61440K), 15 survivors (15360K)
 Metaspace       used 58689K, capacity 60187K, committed 60240K, reserved 1101824K
  class space    used 7372K, capacity 7889K, committed 7936K, reserved 1048576K
}
Event: 4.795 GC heap after
{Heap after GC invocations=10 (full 0):
 garbage-first heap   total 260096K, used 43320K [0x0000000080000000, 0x0000000100000000)
  region size 1024K, 13 young (13312K), 13 survivors (13312K)
 Metaspace       used 58689K, capacity 60187K, committed 60240K, reserved 1101824K
  class space    used 7372K, capacity 7889K, committed 7936K, reserved 1048576K
}
Event: 5.757 GC heap before
{Heap before GC invocations=11 (full 0):
 garbage-first heap   total 260096K, used 162104K [0x0000000080000000, 0x0000000100000000)
  region size 1024K, 129 young (132096K), 13 survivors (13312K)
 Metaspace       used 66834K, capacity 68586K, committed 68820K, reserved 1110016K
  class space    used 8574K, capacity 9174K, committed 9216K, reserved 1048576K
}
Event: 5.778 GC heap after
{Heap after GC invocations=12 (full 0):
 garbage-first heap   total 260096K, used 54822K [0x0000000080000000, 0x0000000100000000)
  region size 1024K, 16 young (16384K), 16 survivors (16384K)
 Metaspace       used 66834K, capacity 68586K, committed 68820K, reserved 1110016K
  class space    used 8574K, capacity 9174K, committed 9216K, reserved 1048576K
}
Event: 6.696 GC heap before
{Heap before GC invocations=13 (full 0):
 garbage-first heap   total 260096K, used 173606K [0x0000000080000000, 0x0000000100000000)
  region size 1024K, 132 young (135168K), 16 survivors (16384K)
 Metaspace       used 73505K, capacity 75607K, committed 75860K, reserved 1116160K
  class space    used 9559K, capacity 10245K, committed 10368K, reserved 1048576K
}
Event: 6.707 GC heap after
{Heap after GC invocations=14 (full 0):
 garbage-first heap   total 260096K, used 67833K [0x0000000080000000, 0x0000000100000000)
  region size 1024K, 14 young (14336K), 14 survivors (14336K)
 Metaspace       used 73505K, capacity 75607K, committed 75860K, reserved 1116160K
  class space    used 9559K, capacity 10245K, committed 10368K, reserved 1048576K
}
Event: 7.147 GC heap before
{Heap before GC invocations=14 (full 0):
 garbage-first heap   total 260096K, used 181497K [0x0000000080000000, 0x0000000100000000)
  region size 1024K, 126 young (129024K), 14 survivors (14336K)
 Metaspace       used 74794K, capacity 77155K, committed 77396K, reserved 1116160K
  class space    used 9710K, capacity 10499K, committed 10624K, reserved 1048576K
}
Event: 7.156 GC heap after
{Heap after GC invocations=15 (full 0):
 garbage-first heap   total 260096K, used 75996K [0x0000000080000000, 0x0000000100000000)
  region size 1024K, 8 young (8192K), 8 survivors (8192K)
 Metaspace       used 74794K, capacity 77155K, committed 77396K, reserved 1116160K
  class space    used 9710K, capacity 10499K, committed 10624K, reserved 1048576K
}
Event: 8.544 GC heap before
{Heap before GC invocations=15 (full 0):
 garbage-first heap   total 260096K, used 191708K [0x0000000080000000, 0x0000000100000000)
  region size 1024K, 120 young (122880K), 8 survivors (8192K)
 Metaspace       used 83291K, capacity 85727K, committed 85972K, reserved 1124352K
  class space    used 10768K, capacity 11670K, committed 11776K, reserved 1048576K
}
Event: 8.555 GC heap after
{Heap after GC invocations=16 (full 0):
 garbage-first heap   total 260096K, used 93427K [0x0000000080000000, 0x0000000100000000)
  region size 1024K, 15 young (15360K), 15 survivors (15360K)
 Metaspace       used 83291K, capacity 85727K, committed 85972K, reserved 1124352K
  class space    used 10768K, capacity 11670K, committed 11776K, reserved 1048576K
}
Event: 9.207 GC heap before
{Heap before GC invocations=16 (full 0):
 garbage-first heap   total 260096K, used 191731K [0x0000000080000000, 0x0000000100000000)
  region size 1024K, 112 young (114688K), 15 survivors (15360K)
 Metaspace       used 86664K, capacity 89290K, committed 89556K, reserved 1126400K
  class space    used 11123K, capacity 12016K, committed 12032K, reserved 1048576K
}
Event: 9.217 GC heap after
{Heap after GC invocations=17 (full 0):
 garbage-first heap   total 260096K, used 100150K [0x0000000080000000, 0x0000000100000000)
  region size 1024K, 7 young (7168K), 7 survivors (7168K)
 Metaspace       used 86664K, capacity 89290K, committed 89556K, reserved 1126400K
  class space    used 11123K, capacity 12016K, committed 12032K, reserved 1048576K
}
Event: 10.004 GC heap before
{Heap before GC invocations=17 (full 0):
 garbage-first heap   total 260096K, used 197430K [0x0000000080000000, 0x0000000100000000)
  region size 1024K, 103 young (105472K), 7 survivors (7168K)
 Metaspace       used 96071K, capacity 99140K, committed 99412K, reserved 1134592K
  class space    used 12512K, capacity 13604K, committed 13696K, reserved 1048576K
}
Event: 10.010 GC heap after
{Heap after GC invocations=18 (full 0):
 garbage-first heap   total 260096K, used 106995K [0x0000000080000000, 0x0000000100000000)
  region size 1024K, 13 young (13312K), 13 survivors (13312K)
 Metaspace       used 96071K, capacity 99140K, committed 99412K, reserved 1134592K
  class space    used 12512K, capacity 13604K, committed 13696K, reserved 1048576K
}
Event: 10.611 GC heap before
{Heap before GC invocations=18 (full 0):
 garbage-first heap   total 260096K, used 186867K [0x0000000080000000, 0x0000000100000000)
  region size 1024K, 70 young (71680K), 13 survivors (13312K)
 Metaspace       used 100930K, capacity 104181K, committed 104404K, reserved 1140736K
  class space    used 13184K, capacity 14336K, committed 14336K, reserved 1048576K
}
Event: 10.618 GC heap after
{Heap after GC invocations=19 (full 0):
 garbage-first heap   total 260096K, used 125239K [0x0000000080000000, 0x0000000100000000)
  region size 1024K, 7 young (7168K), 7 survivors (7168K)
 Metaspace       used 100930K, capacity 104181K, committed 104404K, reserved 1140736K
  class space    used 13184K, capacity 14336K, committed 14336K, reserved 1048576K
}

